2019-01-02 23:01:15.097 INFO [restartedMain]com.example.demo.SpringBootExampleApplication.logStarting:50 - Starting SpringBootExampleApplication on DESKTOP-50H34IA with PID 7604 (F:\localRepo\spring-boot-example\spring-boot-example\target\classes started by 何东 in F:\localRepo\spring-boot-example\spring-boot-example)
2019-01-02 23:01:15.104 INFO [restartedMain]com.example.demo.SpringBootExampleApplication.logStartupProfileInfo:675 - No active profile set, falling back to default profiles: default
2019-01-02 23:01:15.225 INFO [restartedMain]o.s.b.devtools.env.DevToolsPropertyDefaultsPostProcessor.logTo:227 - Devtools property defaults active! Set 'spring.devtools.add-properties' to 'false' to disable
2019-01-02 23:01:15.226 INFO [restartedMain]o.s.b.devtools.env.DevToolsPropertyDefaultsPostProcessor.logTo:227 - For additional web related logging consider setting the 'logging.level.web' property to 'DEBUG'
2019-01-02 23:01:19.526 INFO [restartedMain]o.s.boot.web.embedded.tomcat.TomcatWebServer.initialize:90 - Tomcat initialized with port(s): 8080 (http)
2019-01-02 23:01:19.558 INFO [restartedMain]org.apache.coyote.http11.Http11NioProtocol.log:173 - Initializing ProtocolHandler ["http-nio-8080"]
2019-01-02 23:01:19.572 INFO [restartedMain]org.apache.catalina.core.StandardService.log:173 - Starting service [Tomcat]
2019-01-02 23:01:19.574 INFO [restartedMain]org.apache.catalina.core.StandardEngine.log:173 - Starting Servlet Engine: Apache Tomcat/9.0.12
2019-01-02 23:01:19.606 INFO [restartedMain]org.apache.catalina.core.AprLifecycleListener.log:173 - The APR based Apache Tomcat Native library which allows optimal performance in production environments was not found on the java.library.path: [F:\software\dev\Java\jdk1.8.0_181\bin;C:\WINDOWS\Sun\Java\bin;C:\WINDOWS\system32;C:\WINDOWS;F:/software/dev/Java/jre1.8.0_181/bin/server;F:/software/dev/Java/jre1.8.0_181/bin;F:/software/dev/Java/jre1.8.0_181/lib/amd64;F:\software\dev\Anaconda3;F:\software\dev\Anaconda3\Library\mingw-w64\bin;F:\software\dev\Anaconda3\Library\usr\bin;F:\software\dev\Anaconda3\Library\bin;F:\software\dev\Anaconda3\Scripts;F:\app\hedong\virtual\product\12.2.0\dbhome_1\bin;C:\Program Files (x86)\Common Files\Oracle\Java\javapath;C:\WINDOWS\system32;C:\WINDOWS;C:\WINDOWS\System32\Wbem;C:\WINDOWS\System32\WindowsPowerShell\v1.0\;F:\software\dev\Java\jdk1.8.0_181\bin;F:\software\dev\Java\jdk1.8.0_181\jre\bin;F:\software\dev\apache-maven-3.6.0-bin\apache-maven-3.6.0\bin;;C:\WINDOWS\system32;C:\WINDOWS;C:\WINDOWS\System32\Wbem;C:\WINDOWS\System32\WindowsPowerShell\v1.0\;C:\WINDOWS\System32\OpenSSH\;F:\software\dev\SSH Communications Security\SSH Secure Shell;F:\app\hedong\virtual\product\12.2.0\dbhome_1\bin;C:\Program Files (x86)\Common Files\Oracle\Java\javapath;C:\WINDOWS\system32;C:\WINDOWS;C:\WINDOWS\System32\Wbem;C:\WINDOWS\System32\WindowsPowerShell\v1.0\;F:\software\dev\Java\jdk1.8.0_181\bin;F:\software\dev\Java\jdk1.8.0_181\jre\bin;F:\software\dev\apache-maven-3.6.0-bin\apache-maven-3.6.0\bin;;C:\Users\何东\AppData\Local\Microsoft\WindowsApps;;F:\software\dev\JetBrains\PyCharm 2018.3.1\bin;;F:\software\dev\eclipse-jee-2018-09-win32-x86_64\eclipse;;.]
2019-01-02 23:01:19.811 INFO [restartedMain]o.a.catalina.core.ContainerBase.[Tomcat].[localhost].[/].log:173 - Initializing Spring embedded WebApplicationContext
2019-01-02 23:01:19.817 INFO [restartedMain]org.springframework.web.context.ContextLoader.prepareWebApplicationContext:285 - Root WebApplicationContext: initialization completed in 4591 ms
2019-01-02 23:01:19.899 INFO [restartedMain]o.s.boot.web.servlet.ServletRegistrationBean.addRegistration:186 - Servlet dispatcherServlet mapped to [/]
2019-01-02 23:01:19.910 INFO [restartedMain]o.s.boot.web.servlet.FilterRegistrationBean.configure:248 - Mapping filter: 'characterEncodingFilter' to: [/*]
2019-01-02 23:01:19.912 INFO [restartedMain]o.s.boot.web.servlet.FilterRegistrationBean.configure:248 - Mapping filter: 'hiddenHttpMethodFilter' to: [/*]
2019-01-02 23:01:19.913 INFO [restartedMain]o.s.boot.web.servlet.FilterRegistrationBean.configure:248 - Mapping filter: 'formContentFilter' to: [/*]
2019-01-02 23:01:19.916 INFO [restartedMain]o.s.boot.web.servlet.FilterRegistrationBean.configure:248 - Mapping filter: 'requestContextFilter' to: [/*]
2019-01-02 23:01:21.371 INFO [restartedMain]o.s.scheduling.concurrent.ThreadPoolTaskExecutor.initialize:171 - Initializing ExecutorService 'applicationTaskExecutor'
2019-01-02 23:01:22.058 INFO [restartedMain]o.s.boot.devtools.autoconfigure.OptionalLiveReloadServer.startServer:57 - LiveReload server is running on port 35729
2019-01-02 23:01:22.131 INFO [restartedMain]org.apache.coyote.http11.Http11NioProtocol.log:173 - Starting ProtocolHandler ["http-nio-8080"]
2019-01-02 23:01:22.191 INFO [restartedMain]org.apache.tomcat.util.net.NioSelectorPool.log:173 - Using a shared selector for servlet write/read
2019-01-02 23:01:22.234 INFO [restartedMain]o.s.boot.web.embedded.tomcat.TomcatWebServer.start:204 - Tomcat started on port(s): 8080 (http) with context path ''
2019-01-02 23:01:22.245 INFO [restartedMain]com.example.demo.SpringBootExampleApplication.logStarted:59 - Started SpringBootExampleApplication in 8.734 seconds (JVM running for 10.1)
2019-01-02 23:03:56.449 INFO [restartedMain]com.example.demo.SpringBootExampleApplication.logStarting:50 - Starting SpringBootExampleApplication on DESKTOP-50H34IA with PID 1440 (F:\localRepo\spring-boot-example\spring-boot-example\target\classes started by 何东 in F:\localRepo\spring-boot-example\spring-boot-example)
2019-01-02 23:03:56.455 INFO [restartedMain]com.example.demo.SpringBootExampleApplication.logStartupProfileInfo:675 - No active profile set, falling back to default profiles: default
2019-01-02 23:03:56.570 INFO [restartedMain]o.s.b.devtools.env.DevToolsPropertyDefaultsPostProcessor.logTo:227 - Devtools property defaults active! Set 'spring.devtools.add-properties' to 'false' to disable
2019-01-02 23:03:56.571 INFO [restartedMain]o.s.b.devtools.env.DevToolsPropertyDefaultsPostProcessor.logTo:227 - For additional web related logging consider setting the 'logging.level.web' property to 'DEBUG'
2019-01-02 23:03:59.792 INFO [restartedMain]o.s.boot.web.embedded.tomcat.TomcatWebServer.initialize:90 - Tomcat initialized with port(s): 8080 (http)
2019-01-02 23:03:59.817 INFO [restartedMain]org.apache.coyote.http11.Http11NioProtocol.log:173 - Initializing ProtocolHandler ["http-nio-8080"]
2019-01-02 23:03:59.829 INFO [restartedMain]org.apache.catalina.core.StandardService.log:173 - Starting service [Tomcat]
2019-01-02 23:03:59.830 INFO [restartedMain]org.apache.catalina.core.StandardEngine.log:173 - Starting Servlet Engine: Apache Tomcat/9.0.12
2019-01-02 23:03:59.849 INFO [restartedMain]org.apache.catalina.core.AprLifecycleListener.log:173 - The APR based Apache Tomcat Native library which allows optimal performance in production environments was not found on the java.library.path: [F:\software\dev\Java\jdk1.8.0_181\bin;C:\WINDOWS\Sun\Java\bin;C:\WINDOWS\system32;C:\WINDOWS;F:/software/dev/Java/jre1.8.0_181/bin/server;F:/software/dev/Java/jre1.8.0_181/bin;F:/software/dev/Java/jre1.8.0_181/lib/amd64;F:\software\dev\Anaconda3;F:\software\dev\Anaconda3\Library\mingw-w64\bin;F:\software\dev\Anaconda3\Library\usr\bin;F:\software\dev\Anaconda3\Library\bin;F:\software\dev\Anaconda3\Scripts;F:\app\hedong\virtual\product\12.2.0\dbhome_1\bin;C:\Program Files (x86)\Common Files\Oracle\Java\javapath;C:\WINDOWS\system32;C:\WINDOWS;C:\WINDOWS\System32\Wbem;C:\WINDOWS\System32\WindowsPowerShell\v1.0\;F:\software\dev\Java\jdk1.8.0_181\bin;F:\software\dev\Java\jdk1.8.0_181\jre\bin;F:\software\dev\apache-maven-3.6.0-bin\apache-maven-3.6.0\bin;;C:\WINDOWS\system32;C:\WINDOWS;C:\WINDOWS\System32\Wbem;C:\WINDOWS\System32\WindowsPowerShell\v1.0\;C:\WINDOWS\System32\OpenSSH\;F:\software\dev\SSH Communications Security\SSH Secure Shell;F:\app\hedong\virtual\product\12.2.0\dbhome_1\bin;C:\Program Files (x86)\Common Files\Oracle\Java\javapath;C:\WINDOWS\system32;C:\WINDOWS;C:\WINDOWS\System32\Wbem;C:\WINDOWS\System32\WindowsPowerShell\v1.0\;F:\software\dev\Java\jdk1.8.0_181\bin;F:\software\dev\Java\jdk1.8.0_181\jre\bin;F:\software\dev\apache-maven-3.6.0-bin\apache-maven-3.6.0\bin;;C:\Users\何东\AppData\Local\Microsoft\WindowsApps;;F:\software\dev\JetBrains\PyCharm 2018.3.1\bin;;F:\software\dev\eclipse-jee-2018-09-win32-x86_64\eclipse;;.]
2019-01-02 23:04:00.041 INFO [restartedMain]o.a.catalina.core.ContainerBase.[Tomcat].[localhost].[/].log:173 - Initializing Spring embedded WebApplicationContext
2019-01-02 23:04:00.047 INFO [restartedMain]org.springframework.web.context.ContextLoader.prepareWebApplicationContext:285 - Root WebApplicationContext: initialization completed in 3475 ms
2019-01-02 23:04:00.173 INFO [restartedMain]o.s.boot.web.servlet.ServletRegistrationBean.addRegistration:186 - Servlet dispatcherServlet mapped to [/]
2019-01-02 23:04:00.182 INFO [restartedMain]o.s.boot.web.servlet.FilterRegistrationBean.configure:248 - Mapping filter: 'characterEncodingFilter' to: [/*]
2019-01-02 23:04:00.186 INFO [restartedMain]o.s.boot.web.servlet.FilterRegistrationBean.configure:248 - Mapping filter: 'hiddenHttpMethodFilter' to: [/*]
2019-01-02 23:04:00.187 INFO [restartedMain]o.s.boot.web.servlet.FilterRegistrationBean.configure:248 - Mapping filter: 'formContentFilter' to: [/*]
2019-01-02 23:04:00.192 INFO [restartedMain]o.s.boot.web.servlet.FilterRegistrationBean.configure:248 - Mapping filter: 'requestContextFilter' to: [/*]
2019-01-02 23:04:01.458 INFO [restartedMain]o.s.scheduling.concurrent.ThreadPoolTaskExecutor.initialize:171 - Initializing ExecutorService 'applicationTaskExecutor'
2019-01-02 23:04:02.101 INFO [restartedMain]o.s.boot.devtools.autoconfigure.OptionalLiveReloadServer.startServer:57 - LiveReload server is running on port 35729
2019-01-02 23:04:02.181 INFO [restartedMain]org.apache.coyote.http11.Http11NioProtocol.log:173 - Starting ProtocolHandler ["http-nio-8080"]
2019-01-02 23:04:02.205 INFO [restartedMain]org.apache.tomcat.util.net.NioSelectorPool.log:173 - Using a shared selector for servlet write/read
2019-01-02 23:04:02.250 INFO [restartedMain]o.s.boot.web.embedded.tomcat.TomcatWebServer.start:204 - Tomcat started on port(s): 8080 (http) with context path ''
2019-01-02 23:04:02.258 INFO [restartedMain]com.example.demo.SpringBootExampleApplication.logStarted:59 - Started SpringBootExampleApplication in 6.608 seconds (JVM running for 7.422)
2019-01-02 23:05:22.172 INFO [http-nio-8080-exec-1]o.a.catalina.core.ContainerBase.[Tomcat].[localhost].[/].log:173 - Initializing Spring DispatcherServlet 'dispatcherServlet'
2019-01-02 23:05:22.173 INFO [http-nio-8080-exec-1]org.springframework.web.servlet.DispatcherServlet.initServletBean:521 - Initializing Servlet 'dispatcherServlet'
2019-01-02 23:05:22.190 INFO [http-nio-8080-exec-1]org.springframework.web.servlet.DispatcherServlet.initServletBean:543 - Completed initialization in 17 ms
2019-01-02 23:26:51.785 INFO [Thread-6]o.s.scheduling.concurrent.ThreadPoolTaskExecutor.shutdown:208 - Shutting down ExecutorService 'applicationTaskExecutor'
2019-01-02 23:42:40.663 INFO [restartedMain]com.example.demo.SpringBootExampleApplication.logStarting:50 - Starting SpringBootExampleApplication on DESKTOP-50H34IA with PID 9448 (F:\localRepo\spring-boot-example\spring-boot-example\target\classes started by 何东 in F:\localRepo\spring-boot-example\spring-boot-example)
2019-01-02 23:42:40.683 INFO [restartedMain]com.example.demo.SpringBootExampleApplication.logStartupProfileInfo:675 - No active profile set, falling back to default profiles: default
2019-01-02 23:42:40.889 INFO [restartedMain]o.s.b.devtools.env.DevToolsPropertyDefaultsPostProcessor.logTo:227 - Devtools property defaults active! Set 'spring.devtools.add-properties' to 'false' to disable
2019-01-02 23:42:40.894 INFO [restartedMain]o.s.b.devtools.env.DevToolsPropertyDefaultsPostProcessor.logTo:227 - For additional web related logging consider setting the 'logging.level.web' property to 'DEBUG'
2019-01-02 23:42:47.067 INFO [restartedMain]o.s.boot.web.embedded.tomcat.TomcatWebServer.initialize:90 - Tomcat initialized with port(s): 8080 (http)
2019-01-02 23:42:47.111 INFO [restartedMain]org.apache.coyote.http11.Http11NioProtocol.log:173 - Initializing ProtocolHandler ["http-nio-8080"]
2019-01-02 23:42:47.135 INFO [restartedMain]org.apache.catalina.core.StandardService.log:173 - Starting service [Tomcat]
2019-01-02 23:42:47.139 INFO [restartedMain]org.apache.catalina.core.StandardEngine.log:173 - Starting Servlet Engine: Apache Tomcat/9.0.12
2019-01-02 23:42:47.176 INFO [restartedMain]org.apache.catalina.core.AprLifecycleListener.log:173 - The APR based Apache Tomcat Native library which allows optimal performance in production environments was not found on the java.library.path: [F:\software\dev\Java\jdk1.8.0_181\bin;C:\WINDOWS\Sun\Java\bin;C:\WINDOWS\system32;C:\WINDOWS;F:/software/dev/Java/jre1.8.0_181/bin/server;F:/software/dev/Java/jre1.8.0_181/bin;F:/software/dev/Java/jre1.8.0_181/lib/amd64;F:\software\dev\Anaconda3;F:\software\dev\Anaconda3\Library\mingw-w64\bin;F:\software\dev\Anaconda3\Library\usr\bin;F:\software\dev\Anaconda3\Library\bin;F:\software\dev\Anaconda3\Scripts;F:\app\hedong\virtual\product\12.2.0\dbhome_1\bin;C:\Program Files (x86)\Common Files\Oracle\Java\javapath;C:\WINDOWS\system32;C:\WINDOWS;C:\WINDOWS\System32\Wbem;C:\WINDOWS\System32\WindowsPowerShell\v1.0\;F:\software\dev\Java\jdk1.8.0_181\bin;F:\software\dev\Java\jdk1.8.0_181\jre\bin;F:\software\dev\apache-maven-3.6.0-bin\apache-maven-3.6.0\bin;;C:\WINDOWS\system32;C:\WINDOWS;C:\WINDOWS\System32\Wbem;C:\WINDOWS\System32\WindowsPowerShell\v1.0\;C:\WINDOWS\System32\OpenSSH\;F:\software\dev\SSH Communications Security\SSH Secure Shell;F:\app\hedong\virtual\product\12.2.0\dbhome_1\bin;C:\Program Files (x86)\Common Files\Oracle\Java\javapath;C:\WINDOWS\system32;C:\WINDOWS;C:\WINDOWS\System32\Wbem;C:\WINDOWS\System32\WindowsPowerShell\v1.0\;F:\software\dev\Java\jdk1.8.0_181\bin;F:\software\dev\Java\jdk1.8.0_181\jre\bin;F:\software\dev\apache-maven-3.6.0-bin\apache-maven-3.6.0\bin;;C:\Users\何东\AppData\Local\Microsoft\WindowsApps;;F:\software\dev\JetBrains\PyCharm 2018.3.1\bin;;F:\software\dev\eclipse-jee-2018-09-win32-x86_64\eclipse;;.]
2019-01-02 23:42:47.593 INFO [restartedMain]o.a.catalina.core.ContainerBase.[Tomcat].[localhost].[/].log:173 - Initializing Spring embedded WebApplicationContext
2019-01-02 23:42:47.597 INFO [restartedMain]org.springframework.web.context.ContextLoader.prepareWebApplicationContext:285 - Root WebApplicationContext: initialization completed in 6700 ms
2019-01-02 23:42:47.685 INFO [restartedMain]o.s.boot.web.servlet.ServletRegistrationBean.addRegistration:186 - Servlet dispatcherServlet mapped to [/]
2019-01-02 23:42:47.696 INFO [restartedMain]o.s.boot.web.servlet.FilterRegistrationBean.configure:248 - Mapping filter: 'characterEncodingFilter' to: [/*]
2019-01-02 23:42:47.697 INFO [restartedMain]o.s.boot.web.servlet.FilterRegistrationBean.configure:248 - Mapping filter: 'hiddenHttpMethodFilter' to: [/*]
2019-01-02 23:42:47.698 INFO [restartedMain]o.s.boot.web.servlet.FilterRegistrationBean.configure:248 - Mapping filter: 'formContentFilter' to: [/*]
2019-01-02 23:42:47.700 INFO [restartedMain]o.s.boot.web.servlet.FilterRegistrationBean.configure:248 - Mapping filter: 'requestContextFilter' to: [/*]
2019-01-02 23:42:49.219 INFO [restartedMain]o.s.scheduling.concurrent.ThreadPoolTaskExecutor.initialize:171 - Initializing ExecutorService 'applicationTaskExecutor'
2019-01-02 23:42:50.104 INFO [restartedMain]o.s.boot.devtools.autoconfigure.OptionalLiveReloadServer.startServer:57 - LiveReload server is running on port 35729
2019-01-02 23:42:50.188 INFO [restartedMain]org.apache.coyote.http11.Http11NioProtocol.log:173 - Starting ProtocolHandler ["http-nio-8080"]
2019-01-02 23:42:50.213 INFO [restartedMain]org.apache.tomcat.util.net.NioSelectorPool.log:173 - Using a shared selector for servlet write/read
2019-01-02 23:42:50.273 INFO [restartedMain]o.s.boot.web.embedded.tomcat.TomcatWebServer.start:204 - Tomcat started on port(s): 8080 (http) with context path ''
2019-01-02 23:42:50.282 INFO [restartedMain]com.example.demo.SpringBootExampleApplication.logStarted:59 - Started SpringBootExampleApplication in 11.257 seconds (JVM running for 14.801)
2019-01-02 23:43:21.296 INFO [http-nio-8080-exec-1]o.a.catalina.core.ContainerBase.[Tomcat].[localhost].[/].log:173 - Initializing Spring DispatcherServlet 'dispatcherServlet'
2019-01-02 23:43:21.297 INFO [http-nio-8080-exec-1]org.springframework.web.servlet.DispatcherServlet.initServletBean:521 - Initializing Servlet 'dispatcherServlet'
2019-01-02 23:43:21.317 INFO [http-nio-8080-exec-1]org.springframework.web.servlet.DispatcherServlet.initServletBean:543 - Completed initialization in 20 ms
2019-01-02 23:44:10.662 WARN [http-nio-8080-exec-6]o.s.w.s.m.m.annotation.ExceptionHandlerExceptionResolver.logException:194 - Resolved [org.springframework.web.multipart.MultipartException: Current request is not a multipart request]
2019-01-02 23:47:45.771 INFO [restartedMain]com.example.demo.SpringBootExampleApplication.logStarting:50 - Starting SpringBootExampleApplication on DESKTOP-50H34IA with PID 9164 (F:\localRepo\spring-boot-example\spring-boot-example\target\classes started by 何东 in F:\localRepo\spring-boot-example\spring-boot-example)
2019-01-02 23:47:45.777 INFO [restartedMain]com.example.demo.SpringBootExampleApplication.logStartupProfileInfo:675 - No active profile set, falling back to default profiles: default
2019-01-02 23:47:45.895 INFO [restartedMain]o.s.b.devtools.env.DevToolsPropertyDefaultsPostProcessor.logTo:227 - Devtools property defaults active! Set 'spring.devtools.add-properties' to 'false' to disable
2019-01-02 23:47:45.896 INFO [restartedMain]o.s.b.devtools.env.DevToolsPropertyDefaultsPostProcessor.logTo:227 - For additional web related logging consider setting the 'logging.level.web' property to 'DEBUG'
2019-01-02 23:47:49.373 INFO [restartedMain]o.s.boot.web.embedded.tomcat.TomcatWebServer.initialize:90 - Tomcat initialized with port(s): 8080 (http)
2019-01-02 23:47:49.407 INFO [restartedMain]org.apache.coyote.http11.Http11NioProtocol.log:173 - Initializing ProtocolHandler ["http-nio-8080"]
2019-01-02 23:47:49.427 INFO [restartedMain]org.apache.catalina.core.StandardService.log:173 - Starting service [Tomcat]
2019-01-02 23:47:49.430 INFO [restartedMain]org.apache.catalina.core.StandardEngine.log:173 - Starting Servlet Engine: Apache Tomcat/9.0.12
2019-01-02 23:47:49.453 INFO [restartedMain]org.apache.catalina.core.AprLifecycleListener.log:173 - The APR based Apache Tomcat Native library which allows optimal performance in production environments was not found on the java.library.path: [F:\software\dev\Java\jdk1.8.0_181\bin;C:\WINDOWS\Sun\Java\bin;C:\WINDOWS\system32;C:\WINDOWS;F:/software/dev/Java/jre1.8.0_181/bin/server;F:/software/dev/Java/jre1.8.0_181/bin;F:/software/dev/Java/jre1.8.0_181/lib/amd64;F:\software\dev\Anaconda3;F:\software\dev\Anaconda3\Library\mingw-w64\bin;F:\software\dev\Anaconda3\Library\usr\bin;F:\software\dev\Anaconda3\Library\bin;F:\software\dev\Anaconda3\Scripts;F:\app\hedong\virtual\product\12.2.0\dbhome_1\bin;C:\Program Files (x86)\Common Files\Oracle\Java\javapath;C:\WINDOWS\system32;C:\WINDOWS;C:\WINDOWS\System32\Wbem;C:\WINDOWS\System32\WindowsPowerShell\v1.0\;F:\software\dev\Java\jdk1.8.0_181\bin;F:\software\dev\Java\jdk1.8.0_181\jre\bin;F:\software\dev\apache-maven-3.6.0-bin\apache-maven-3.6.0\bin;;C:\WINDOWS\system32;C:\WINDOWS;C:\WINDOWS\System32\Wbem;C:\WINDOWS\System32\WindowsPowerShell\v1.0\;C:\WINDOWS\System32\OpenSSH\;F:\software\dev\SSH Communications Security\SSH Secure Shell;F:\app\hedong\virtual\product\12.2.0\dbhome_1\bin;C:\Program Files (x86)\Common Files\Oracle\Java\javapath;C:\WINDOWS\system32;C:\WINDOWS;C:\WINDOWS\System32\Wbem;C:\WINDOWS\System32\WindowsPowerShell\v1.0\;F:\software\dev\Java\jdk1.8.0_181\bin;F:\software\dev\Java\jdk1.8.0_181\jre\bin;F:\software\dev\apache-maven-3.6.0-bin\apache-maven-3.6.0\bin;;C:\Users\何东\AppData\Local\Microsoft\WindowsApps;;F:\software\dev\JetBrains\PyCharm 2018.3.1\bin;;F:\software\dev\eclipse-jee-2018-09-win32-x86_64\eclipse;;.]
2019-01-02 23:47:49.651 INFO [restartedMain]o.a.catalina.core.ContainerBase.[Tomcat].[localhost].[/].log:173 - Initializing Spring embedded WebApplicationContext
2019-01-02 23:47:49.654 INFO [restartedMain]org.springframework.web.context.ContextLoader.prepareWebApplicationContext:285 - Root WebApplicationContext: initialization completed in 3758 ms
2019-01-02 23:47:49.725 INFO [restartedMain]o.s.boot.web.servlet.ServletRegistrationBean.addRegistration:186 - Servlet dispatcherServlet mapped to [/]
2019-01-02 23:47:49.738 INFO [restartedMain]o.s.boot.web.servlet.FilterRegistrationBean.configure:248 - Mapping filter: 'characterEncodingFilter' to: [/*]
2019-01-02 23:47:49.742 INFO [restartedMain]o.s.boot.web.servlet.FilterRegistrationBean.configure:248 - Mapping filter: 'hiddenHttpMethodFilter' to: [/*]
2019-01-02 23:47:49.743 INFO [restartedMain]o.s.boot.web.servlet.FilterRegistrationBean.configure:248 - Mapping filter: 'formContentFilter' to: [/*]
2019-01-02 23:47:49.746 INFO [restartedMain]o.s.boot.web.servlet.FilterRegistrationBean.configure:248 - Mapping filter: 'requestContextFilter' to: [/*]
2019-01-02 23:47:50.839 INFO [restartedMain]o.s.scheduling.concurrent.ThreadPoolTaskExecutor.initialize:171 - Initializing ExecutorService 'applicationTaskExecutor'
2019-01-02 23:47:51.638 INFO [restartedMain]o.s.boot.devtools.autoconfigure.OptionalLiveReloadServer.startServer:57 - LiveReload server is running on port 35729
2019-01-02 23:47:51.706 INFO [restartedMain]org.apache.coyote.http11.Http11NioProtocol.log:173 - Starting ProtocolHandler ["http-nio-8080"]
2019-01-02 23:47:51.727 INFO [restartedMain]org.apache.tomcat.util.net.NioSelectorPool.log:173 - Using a shared selector for servlet write/read
2019-01-02 23:47:51.769 INFO [restartedMain]o.s.boot.web.embedded.tomcat.TomcatWebServer.start:204 - Tomcat started on port(s): 8080 (http) with context path ''
2019-01-02 23:47:51.778 INFO [restartedMain]com.example.demo.SpringBootExampleApplication.logStarted:59 - Started SpringBootExampleApplication in 6.835 seconds (JVM running for 7.665)
2019-01-02 23:48:15.460 INFO [Thread-6]o.s.scheduling.concurrent.ThreadPoolTaskExecutor.shutdown:208 - Shutting down ExecutorService 'applicationTaskExecutor'
2019-01-02 23:48:16.027 INFO [restartedMain]com.example.demo.SpringBootExampleApplication.logStarting:50 - Starting SpringBootExampleApplication on DESKTOP-50H34IA with PID 9164 (F:\localRepo\spring-boot-example\spring-boot-example\target\classes started by 何东 in F:\localRepo\spring-boot-example\spring-boot-example)
2019-01-02 23:48:16.028 INFO [restartedMain]com.example.demo.SpringBootExampleApplication.logStartupProfileInfo:675 - No active profile set, falling back to default profiles: default
2019-01-02 23:48:16.748 INFO [restartedMain]o.s.boot.web.embedded.tomcat.TomcatWebServer.initialize:90 - Tomcat initialized with port(s): 8080 (http)
2019-01-02 23:48:16.750 INFO [restartedMain]org.apache.coyote.http11.Http11NioProtocol.log:173 - Initializing ProtocolHandler ["http-nio-8080"]
2019-01-02 23:48:16.751 INFO [restartedMain]org.apache.catalina.core.StandardService.log:173 - Starting service [Tomcat]
2019-01-02 23:48:16.752 INFO [restartedMain]org.apache.catalina.core.StandardEngine.log:173 - Starting Servlet Engine: Apache Tomcat/9.0.12
2019-01-02 23:48:16.782 INFO [restartedMain]o.a.catalina.core.ContainerBase.[Tomcat].[localhost].[/].log:173 - Initializing Spring embedded WebApplicationContext
2019-01-02 23:48:16.783 INFO [restartedMain]org.springframework.web.context.ContextLoader.prepareWebApplicationContext:285 - Root WebApplicationContext: initialization completed in 748 ms
2019-01-02 23:48:16.804 INFO [restartedMain]o.s.boot.web.servlet.ServletRegistrationBean.addRegistration:186 - Servlet dispatcherServlet mapped to [/]
2019-01-02 23:48:16.806 INFO [restartedMain]o.s.boot.web.servlet.FilterRegistrationBean.configure:248 - Mapping filter: 'characterEncodingFilter' to: [/*]
2019-01-02 23:48:16.807 INFO [restartedMain]o.s.boot.web.servlet.FilterRegistrationBean.configure:248 - Mapping filter: 'hiddenHttpMethodFilter' to: [/*]
2019-01-02 23:48:16.813 INFO [restartedMain]o.s.boot.web.servlet.FilterRegistrationBean.configure:248 - Mapping filter: 'formContentFilter' to: [/*]
2019-01-02 23:48:16.816 INFO [restartedMain]o.s.boot.web.servlet.FilterRegistrationBean.configure:248 - Mapping filter: 'requestContextFilter' to: [/*]
2019-01-02 23:48:17.069 INFO [restartedMain]o.s.scheduling.concurrent.ThreadPoolTaskExecutor.initialize:171 - Initializing ExecutorService 'applicationTaskExecutor'
2019-01-02 23:48:17.272 INFO [restartedMain]o.s.boot.devtools.autoconfigure.OptionalLiveReloadServer.startServer:57 - LiveReload server is running on port 35729
2019-01-02 23:48:17.309 INFO [restartedMain]org.apache.coyote.http11.Http11NioProtocol.log:173 - Starting ProtocolHandler ["http-nio-8080"]
2019-01-02 23:48:17.312 INFO [restartedMain]org.apache.tomcat.util.net.NioSelectorPool.log:173 - Using a shared selector for servlet write/read
2019-01-02 23:48:17.318 INFO [restartedMain]o.s.boot.web.embedded.tomcat.TomcatWebServer.start:204 - Tomcat started on port(s): 8080 (http) with context path ''
2019-01-02 23:48:17.321 INFO [restartedMain]com.example.demo.SpringBootExampleApplication.logStarted:59 - Started SpringBootExampleApplication in 1.371 seconds (JVM running for 33.208)
2019-01-02 23:48:17.331 INFO [restartedMain]o.s.b.d.a.ConditionEvaluationDeltaLoggingListener.onApplicationEvent:56 - Condition evaluation unchanged
2019-01-02 23:48:26.722 INFO [http-nio-8080-exec-1]o.a.catalina.core.ContainerBase.[Tomcat].[localhost].[/].log:173 - Initializing Spring DispatcherServlet 'dispatcherServlet'
2019-01-02 23:48:26.723 INFO [http-nio-8080-exec-1]org.springframework.web.servlet.DispatcherServlet.initServletBean:521 - Initializing Servlet 'dispatcherServlet'
2019-01-02 23:48:26.743 INFO [http-nio-8080-exec-1]org.springframework.web.servlet.DispatcherServlet.initServletBean:543 - Completed initialization in 20 ms
2019-01-02 23:48:41.614 WARN [http-nio-8080-exec-5]o.s.w.s.m.m.annotation.ExceptionHandlerExceptionResolver.logException:194 - Resolved [org.springframework.web.multipart.MultipartException: Current request is not a multipart request]
2019-01-02 23:51:12.421 INFO [restartedMain]com.example.demo.SpringBootExampleApplication.logStarting:50 - Starting SpringBootExampleApplication on DESKTOP-50H34IA with PID 10932 (F:\localRepo\spring-boot-example\spring-boot-example\target\classes started by 何东 in F:\localRepo\spring-boot-example\spring-boot-example)
2019-01-02 23:51:12.429 INFO [restartedMain]com.example.demo.SpringBootExampleApplication.logStartupProfileInfo:675 - No active profile set, falling back to default profiles: default
2019-01-02 23:51:12.542 INFO [restartedMain]o.s.b.devtools.env.DevToolsPropertyDefaultsPostProcessor.logTo:227 - Devtools property defaults active! Set 'spring.devtools.add-properties' to 'false' to disable
2019-01-02 23:51:12.543 INFO [restartedMain]o.s.b.devtools.env.DevToolsPropertyDefaultsPostProcessor.logTo:227 - For additional web related logging consider setting the 'logging.level.web' property to 'DEBUG'
2019-01-02 23:51:15.907 INFO [restartedMain]o.s.boot.web.embedded.tomcat.TomcatWebServer.initialize:90 - Tomcat initialized with port(s): 8080 (http)
2019-01-02 23:51:15.932 INFO [restartedMain]org.apache.coyote.http11.Http11NioProtocol.log:173 - Initializing ProtocolHandler ["http-nio-8080"]
2019-01-02 23:51:15.948 INFO [restartedMain]org.apache.catalina.core.StandardService.log:173 - Starting service [Tomcat]
2019-01-02 23:51:15.949 INFO [restartedMain]org.apache.catalina.core.StandardEngine.log:173 - Starting Servlet Engine: Apache Tomcat/9.0.12
2019-01-02 23:51:15.974 INFO [restartedMain]org.apache.catalina.core.AprLifecycleListener.log:173 - The APR based Apache Tomcat Native library which allows optimal performance in production environments was not found on the java.library.path: [F:\software\dev\Java\jdk1.8.0_181\bin;C:\WINDOWS\Sun\Java\bin;C:\WINDOWS\system32;C:\WINDOWS;F:/software/dev/Java/jre1.8.0_181/bin/server;F:/software/dev/Java/jre1.8.0_181/bin;F:/software/dev/Java/jre1.8.0_181/lib/amd64;F:\software\dev\Anaconda3;F:\software\dev\Anaconda3\Library\mingw-w64\bin;F:\software\dev\Anaconda3\Library\usr\bin;F:\software\dev\Anaconda3\Library\bin;F:\software\dev\Anaconda3\Scripts;F:\app\hedong\virtual\product\12.2.0\dbhome_1\bin;C:\Program Files (x86)\Common Files\Oracle\Java\javapath;C:\WINDOWS\system32;C:\WINDOWS;C:\WINDOWS\System32\Wbem;C:\WINDOWS\System32\WindowsPowerShell\v1.0\;F:\software\dev\Java\jdk1.8.0_181\bin;F:\software\dev\Java\jdk1.8.0_181\jre\bin;F:\software\dev\apache-maven-3.6.0-bin\apache-maven-3.6.0\bin;;C:\WINDOWS\system32;C:\WINDOWS;C:\WINDOWS\System32\Wbem;C:\WINDOWS\System32\WindowsPowerShell\v1.0\;C:\WINDOWS\System32\OpenSSH\;F:\software\dev\SSH Communications Security\SSH Secure Shell;F:\app\hedong\virtual\product\12.2.0\dbhome_1\bin;C:\Program Files (x86)\Common Files\Oracle\Java\javapath;C:\WINDOWS\system32;C:\WINDOWS;C:\WINDOWS\System32\Wbem;C:\WINDOWS\System32\WindowsPowerShell\v1.0\;F:\software\dev\Java\jdk1.8.0_181\bin;F:\software\dev\Java\jdk1.8.0_181\jre\bin;F:\software\dev\apache-maven-3.6.0-bin\apache-maven-3.6.0\bin;;C:\Users\何东\AppData\Local\Microsoft\WindowsApps;;F:\software\dev\JetBrains\PyCharm 2018.3.1\bin;;F:\software\dev\eclipse-jee-2018-09-win32-x86_64\eclipse;;.]
2019-01-02 23:51:16.241 INFO [restartedMain]o.a.catalina.core.ContainerBase.[Tomcat].[localhost].[/].log:173 - Initializing Spring embedded WebApplicationContext
2019-01-02 23:51:16.244 INFO [restartedMain]org.springframework.web.context.ContextLoader.prepareWebApplicationContext:285 - Root WebApplicationContext: initialization completed in 3700 ms
2019-01-02 23:51:16.319 INFO [restartedMain]o.s.boot.web.servlet.ServletRegistrationBean.addRegistration:186 - Servlet dispatcherServlet mapped to [/]
2019-01-02 23:51:16.327 INFO [restartedMain]o.s.boot.web.servlet.FilterRegistrationBean.configure:248 - Mapping filter: 'characterEncodingFilter' to: [/*]
2019-01-02 23:51:16.329 INFO [restartedMain]o.s.boot.web.servlet.FilterRegistrationBean.configure:248 - Mapping filter: 'hiddenHttpMethodFilter' to: [/*]
2019-01-02 23:51:16.330 INFO [restartedMain]o.s.boot.web.servlet.FilterRegistrationBean.configure:248 - Mapping filter: 'formContentFilter' to: [/*]
2019-01-02 23:51:16.332 INFO [restartedMain]o.s.boot.web.servlet.FilterRegistrationBean.configure:248 - Mapping filter: 'requestContextFilter' to: [/*]
2019-01-02 23:51:17.411 INFO [restartedMain]o.s.scheduling.concurrent.ThreadPoolTaskExecutor.initialize:171 - Initializing ExecutorService 'applicationTaskExecutor'
2019-01-02 23:51:18.129 INFO [restartedMain]o.s.boot.devtools.autoconfigure.OptionalLiveReloadServer.startServer:57 - LiveReload server is running on port 35729
2019-01-02 23:51:18.196 INFO [restartedMain]org.apache.coyote.http11.Http11NioProtocol.log:173 - Starting ProtocolHandler ["http-nio-8080"]
2019-01-02 23:51:18.216 INFO [restartedMain]org.apache.tomcat.util.net.NioSelectorPool.log:173 - Using a shared selector for servlet write/read
2019-01-02 23:51:18.254 INFO [restartedMain]o.s.boot.web.embedded.tomcat.TomcatWebServer.start:204 - Tomcat started on port(s): 8080 (http) with context path ''
2019-01-02 23:51:18.262 INFO [restartedMain]com.example.demo.SpringBootExampleApplication.logStarted:59 - Started SpringBootExampleApplication in 6.634 seconds (JVM running for 7.463)
2019-01-02 23:51:26.992 INFO [http-nio-8080-exec-1]o.a.catalina.core.ContainerBase.[Tomcat].[localhost].[/].log:173 - Initializing Spring DispatcherServlet 'dispatcherServlet'
2019-01-02 23:51:26.992 INFO [http-nio-8080-exec-1]org.springframework.web.servlet.DispatcherServlet.initServletBean:521 - Initializing Servlet 'dispatcherServlet'
2019-01-02 23:51:27.011 INFO [http-nio-8080-exec-1]org.springframework.web.servlet.DispatcherServlet.initServletBean:543 - Completed initialization in 18 ms
2019-01-02 23:56:59.700 INFO [restartedMain]com.example.demo.SpringBootExampleApplication.logStarting:50 - Starting SpringBootExampleApplication on DESKTOP-50H34IA with PID 7904 (F:\localRepo\spring-boot-example\spring-boot-example\target\classes started by 何东 in F:\localRepo\spring-boot-example\spring-boot-example)
2019-01-02 23:56:59.707 INFO [restartedMain]com.example.demo.SpringBootExampleApplication.logStartupProfileInfo:675 - No active profile set, falling back to default profiles: default
2019-01-02 23:56:59.833 INFO [restartedMain]o.s.b.devtools.env.DevToolsPropertyDefaultsPostProcessor.logTo:227 - Devtools property defaults active! Set 'spring.devtools.add-properties' to 'false' to disable
2019-01-02 23:56:59.834 INFO [restartedMain]o.s.b.devtools.env.DevToolsPropertyDefaultsPostProcessor.logTo:227 - For additional web related logging consider setting the 'logging.level.web' property to 'DEBUG'
2019-01-02 23:57:03.393 INFO [restartedMain]o.s.boot.web.embedded.tomcat.TomcatWebServer.initialize:90 - Tomcat initialized with port(s): 8080 (http)
2019-01-02 23:57:03.419 INFO [restartedMain]org.apache.coyote.http11.Http11NioProtocol.log:173 - Initializing ProtocolHandler ["http-nio-8080"]
2019-01-02 23:57:03.452 INFO [restartedMain]org.apache.catalina.core.StandardService.log:173 - Starting service [Tomcat]
2019-01-02 23:57:03.453 INFO [restartedMain]org.apache.catalina.core.StandardEngine.log:173 - Starting Servlet Engine: Apache Tomcat/9.0.12
2019-01-02 23:57:03.476 INFO [restartedMain]org.apache.catalina.core.AprLifecycleListener.log:173 - The APR based Apache Tomcat Native library which allows optimal performance in production environments was not found on the java.library.path: [F:\software\dev\Java\jdk1.8.0_181\bin;C:\WINDOWS\Sun\Java\bin;C:\WINDOWS\system32;C:\WINDOWS;F:/software/dev/Java/jre1.8.0_181/bin/server;F:/software/dev/Java/jre1.8.0_181/bin;F:/software/dev/Java/jre1.8.0_181/lib/amd64;F:\software\dev\Anaconda3;F:\software\dev\Anaconda3\Library\mingw-w64\bin;F:\software\dev\Anaconda3\Library\usr\bin;F:\software\dev\Anaconda3\Library\bin;F:\software\dev\Anaconda3\Scripts;F:\app\hedong\virtual\product\12.2.0\dbhome_1\bin;C:\Program Files (x86)\Common Files\Oracle\Java\javapath;C:\WINDOWS\system32;C:\WINDOWS;C:\WINDOWS\System32\Wbem;C:\WINDOWS\System32\WindowsPowerShell\v1.0\;F:\software\dev\Java\jdk1.8.0_181\bin;F:\software\dev\Java\jdk1.8.0_181\jre\bin;F:\software\dev\apache-maven-3.6.0-bin\apache-maven-3.6.0\bin;;C:\WINDOWS\system32;C:\WINDOWS;C:\WINDOWS\System32\Wbem;C:\WINDOWS\System32\WindowsPowerShell\v1.0\;C:\WINDOWS\System32\OpenSSH\;F:\software\dev\SSH Communications Security\SSH Secure Shell;F:\app\hedong\virtual\product\12.2.0\dbhome_1\bin;C:\Program Files (x86)\Common Files\Oracle\Java\javapath;C:\WINDOWS\system32;C:\WINDOWS;C:\WINDOWS\System32\Wbem;C:\WINDOWS\System32\WindowsPowerShell\v1.0\;F:\software\dev\Java\jdk1.8.0_181\bin;F:\software\dev\Java\jdk1.8.0_181\jre\bin;F:\software\dev\apache-maven-3.6.0-bin\apache-maven-3.6.0\bin;;C:\Users\何东\AppData\Local\Microsoft\WindowsApps;;F:\software\dev\JetBrains\PyCharm 2018.3.1\bin;;F:\software\dev\eclipse-jee-2018-09-win32-x86_64\eclipse;;.]
2019-01-02 23:57:03.652 INFO [restartedMain]o.a.catalina.core.ContainerBase.[Tomcat].[localhost].[/].log:173 - Initializing Spring embedded WebApplicationContext
2019-01-02 23:57:03.653 INFO [restartedMain]org.springframework.web.context.ContextLoader.prepareWebApplicationContext:285 - Root WebApplicationContext: initialization completed in 3818 ms
2019-01-02 23:57:03.724 INFO [restartedMain]o.s.boot.web.servlet.ServletRegistrationBean.addRegistration:186 - Servlet dispatcherServlet mapped to [/]
2019-01-02 23:57:03.734 INFO [restartedMain]o.s.boot.web.servlet.FilterRegistrationBean.configure:248 - Mapping filter: 'characterEncodingFilter' to: [/*]
2019-01-02 23:57:03.735 INFO [restartedMain]o.s.boot.web.servlet.FilterRegistrationBean.configure:248 - Mapping filter: 'hiddenHttpMethodFilter' to: [/*]
2019-01-02 23:57:03.736 INFO [restartedMain]o.s.boot.web.servlet.FilterRegistrationBean.configure:248 - Mapping filter: 'formContentFilter' to: [/*]
2019-01-02 23:57:03.739 INFO [restartedMain]o.s.boot.web.servlet.FilterRegistrationBean.configure:248 - Mapping filter: 'requestContextFilter' to: [/*]
2019-01-02 23:57:05.200 INFO [restartedMain]o.s.scheduling.concurrent.ThreadPoolTaskExecutor.initialize:171 - Initializing ExecutorService 'applicationTaskExecutor'
2019-01-02 23:57:06.256 INFO [restartedMain]o.s.boot.devtools.autoconfigure.OptionalLiveReloadServer.startServer:57 - LiveReload server is running on port 35729
2019-01-02 23:57:06.395 INFO [restartedMain]org.apache.coyote.http11.Http11NioProtocol.log:173 - Starting ProtocolHandler ["http-nio-8080"]
2019-01-02 23:57:06.415 INFO [restartedMain]org.apache.tomcat.util.net.NioSelectorPool.log:173 - Using a shared selector for servlet write/read
2019-01-02 23:57:06.445 INFO [restartedMain]o.s.boot.web.embedded.tomcat.TomcatWebServer.start:204 - Tomcat started on port(s): 8080 (http) with context path ''
2019-01-02 23:57:06.463 INFO [restartedMain]com.example.demo.SpringBootExampleApplication.logStarted:59 - Started SpringBootExampleApplication in 7.515 seconds (JVM running for 8.312)
2019-01-02 23:57:17.183 INFO [http-nio-8080-exec-1]o.a.catalina.core.ContainerBase.[Tomcat].[localhost].[/].log:173 - Initializing Spring DispatcherServlet 'dispatcherServlet'
2019-01-02 23:57:17.183 INFO [http-nio-8080-exec-1]org.springframework.web.servlet.DispatcherServlet.initServletBean:521 - Initializing Servlet 'dispatcherServlet'
2019-01-02 23:57:17.201 INFO [http-nio-8080-exec-1]org.springframework.web.servlet.DispatcherServlet.initServletBean:543 - Completed initialization in 18 ms
