2019-01-12 22:31:39.467 INFO [restartedMain]com.example.demo.SpringBootExampleApplication.logStarting:50 - Starting SpringBootExampleApplication on DESKTOP-50H34IA with PID 7036 (F:\localRepo\spring-boot-example\spring-boot-example\target\classes started by 何东 in F:\localRepo\spring-boot-example\spring-boot-example)
2019-01-12 22:31:39.474 INFO [restartedMain]com.example.demo.SpringBootExampleApplication.logStartupProfileInfo:675 - No active profile set, falling back to default profiles: default
2019-01-12 22:31:39.619 INFO [restartedMain]o.s.b.devtools.env.DevToolsPropertyDefaultsPostProcessor.logTo:227 - Devtools property defaults active! Set 'spring.devtools.add-properties' to 'false' to disable
2019-01-12 22:31:39.620 INFO [restartedMain]o.s.b.devtools.env.DevToolsPropertyDefaultsPostProcessor.logTo:227 - For additional web related logging consider setting the 'logging.level.web' property to 'DEBUG'
2019-01-12 22:31:43.264 INFO [restartedMain]o.s.boot.web.embedded.tomcat.TomcatWebServer.initialize:90 - Tomcat initialized with port(s): 8080 (http)
2019-01-12 22:31:43.288 INFO [restartedMain]org.apache.coyote.http11.Http11NioProtocol.log:173 - Initializing ProtocolHandler ["http-nio-8080"]
2019-01-12 22:31:43.301 INFO [restartedMain]org.apache.catalina.core.StandardService.log:173 - Starting service [Tomcat]
2019-01-12 22:31:43.302 INFO [restartedMain]org.apache.catalina.core.StandardEngine.log:173 - Starting Servlet Engine: Apache Tomcat/9.0.12
2019-01-12 22:31:43.322 INFO [restartedMain]org.apache.catalina.core.AprLifecycleListener.log:173 - The APR based Apache Tomcat Native library which allows optimal performance in production environments was not found on the java.library.path: [F:\software\dev\Java\jdk1.8.0_181\bin;C:\WINDOWS\Sun\Java\bin;C:\WINDOWS\system32;C:\WINDOWS;F:/software/dev/Java/jre1.8.0_181/bin/server;F:/software/dev/Java/jre1.8.0_181/bin;F:/software/dev/Java/jre1.8.0_181/lib/amd64;F:\software\dev\Anaconda3;F:\software\dev\Anaconda3\Library\mingw-w64\bin;F:\software\dev\Anaconda3\Library\usr\bin;F:\software\dev\Anaconda3\Library\bin;F:\software\dev\Anaconda3\Scripts;F:\app\hedong\virtual\product\12.2.0\dbhome_1\bin;C:\Program Files (x86)\Common Files\Oracle\Java\javapath;C:\WINDOWS\system32;C:\WINDOWS;C:\WINDOWS\System32\Wbem;C:\WINDOWS\System32\WindowsPowerShell\v1.0\;F:\software\dev\Java\jdk1.8.0_181\bin;F:\software\dev\Java\jdk1.8.0_181\jre\bin;F:\software\dev\apache-maven-3.6.0-bin\apache-maven-3.6.0\bin;;C:\WINDOWS\system32;C:\WINDOWS;C:\WINDOWS\System32\Wbem;C:\WINDOWS\System32\WindowsPowerShell\v1.0\;C:\WINDOWS\System32\OpenSSH\;F:\software\dev\SSH Communications Security\SSH Secure Shell;F:\app\hedong\virtual\product\12.2.0\dbhome_1\bin;C:\Program Files (x86)\Common Files\Oracle\Java\javapath;C:\WINDOWS\system32;C:\WINDOWS;C:\WINDOWS\System32\Wbem;C:\WINDOWS\System32\WindowsPowerShell\v1.0\;F:\software\dev\Java\jdk1.8.0_181\bin;F:\software\dev\Java\jdk1.8.0_181\jre\bin;F:\software\dev\apache-maven-3.6.0-bin\apache-maven-3.6.0\bin;;C:\Users\何东\AppData\Local\Microsoft\WindowsApps;;F:\software\dev\JetBrains\PyCharm 2018.3.1\bin;;F:\software\dev\eclipse-jee-2018-09-win32-x86_64\eclipse;;.]
2019-01-12 22:31:43.525 INFO [restartedMain]o.a.catalina.core.ContainerBase.[Tomcat].[localhost].[/].log:173 - Initializing Spring embedded WebApplicationContext
2019-01-12 22:31:43.529 INFO [restartedMain]org.springframework.web.context.ContextLoader.prepareWebApplicationContext:285 - Root WebApplicationContext: initialization completed in 3908 ms
2019-01-12 22:31:43.599 INFO [restartedMain]o.s.boot.web.servlet.ServletRegistrationBean.addRegistration:186 - Servlet dispatcherServlet mapped to [/]
2019-01-12 22:31:43.608 INFO [restartedMain]o.s.boot.web.servlet.FilterRegistrationBean.configure:248 - Mapping filter: 'characterEncodingFilter' to: [/*]
2019-01-12 22:31:43.610 INFO [restartedMain]o.s.boot.web.servlet.FilterRegistrationBean.configure:248 - Mapping filter: 'hiddenHttpMethodFilter' to: [/*]
2019-01-12 22:31:43.611 INFO [restartedMain]o.s.boot.web.servlet.FilterRegistrationBean.configure:248 - Mapping filter: 'formContentFilter' to: [/*]
2019-01-12 22:31:43.614 INFO [restartedMain]o.s.boot.web.servlet.FilterRegistrationBean.configure:248 - Mapping filter: 'requestContextFilter' to: [/*]
2019-01-12 22:31:44.858 INFO [restartedMain]o.s.scheduling.concurrent.ThreadPoolTaskExecutor.initialize:171 - Initializing ExecutorService 'applicationTaskExecutor'
2019-01-12 22:31:45.770 INFO [restartedMain]o.s.boot.devtools.autoconfigure.OptionalLiveReloadServer.startServer:57 - LiveReload server is running on port 35729
2019-01-12 22:31:45.839 INFO [restartedMain]org.apache.coyote.http11.Http11NioProtocol.log:173 - Starting ProtocolHandler ["http-nio-8080"]
2019-01-12 22:31:45.885 INFO [restartedMain]org.apache.tomcat.util.net.NioSelectorPool.log:173 - Using a shared selector for servlet write/read
2019-01-12 22:31:45.922 INFO [restartedMain]o.s.boot.web.embedded.tomcat.TomcatWebServer.start:204 - Tomcat started on port(s): 8080 (http) with context path ''
2019-01-12 22:31:45.931 INFO [restartedMain]com.example.demo.SpringBootExampleApplication.logStarted:59 - Started SpringBootExampleApplication in 7.647 seconds (JVM running for 9.061)
2019-01-12 22:32:00.106 INFO [http-nio-8080-exec-1]o.a.catalina.core.ContainerBase.[Tomcat].[localhost].[/].log:173 - Initializing Spring DispatcherServlet 'dispatcherServlet'
2019-01-12 22:32:00.107 INFO [http-nio-8080-exec-1]org.springframework.web.servlet.DispatcherServlet.initServletBean:521 - Initializing Servlet 'dispatcherServlet'
2019-01-12 22:32:00.138 INFO [http-nio-8080-exec-1]org.springframework.web.servlet.DispatcherServlet.initServletBean:543 - Completed initialization in 30 ms
2019-01-12 22:34:31.204 INFO [restartedMain]com.example.demo.SpringBootExampleApplication.logStarting:50 - Starting SpringBootExampleApplication on DESKTOP-50H34IA with PID 9708 (F:\localRepo\spring-boot-example\spring-boot-example\target\classes started by 何东 in F:\localRepo\spring-boot-example\spring-boot-example)
2019-01-12 22:34:31.212 INFO [restartedMain]com.example.demo.SpringBootExampleApplication.logStartupProfileInfo:675 - No active profile set, falling back to default profiles: default
2019-01-12 22:34:31.325 INFO [restartedMain]o.s.b.devtools.env.DevToolsPropertyDefaultsPostProcessor.logTo:227 - Devtools property defaults active! Set 'spring.devtools.add-properties' to 'false' to disable
2019-01-12 22:34:31.328 INFO [restartedMain]o.s.b.devtools.env.DevToolsPropertyDefaultsPostProcessor.logTo:227 - For additional web related logging consider setting the 'logging.level.web' property to 'DEBUG'
2019-01-12 22:34:34.499 INFO [restartedMain]o.s.boot.web.embedded.tomcat.TomcatWebServer.initialize:90 - Tomcat initialized with port(s): 8080 (http)
2019-01-12 22:34:34.526 INFO [restartedMain]org.apache.coyote.http11.Http11NioProtocol.log:173 - Initializing ProtocolHandler ["http-nio-8080"]
2019-01-12 22:34:34.540 INFO [restartedMain]org.apache.catalina.core.StandardService.log:173 - Starting service [Tomcat]
2019-01-12 22:34:34.543 INFO [restartedMain]org.apache.catalina.core.StandardEngine.log:173 - Starting Servlet Engine: Apache Tomcat/9.0.12
2019-01-12 22:34:34.569 INFO [restartedMain]org.apache.catalina.core.AprLifecycleListener.log:173 - The APR based Apache Tomcat Native library which allows optimal performance in production environments was not found on the java.library.path: [F:\software\dev\Java\jdk1.8.0_181\bin;C:\WINDOWS\Sun\Java\bin;C:\WINDOWS\system32;C:\WINDOWS;F:/software/dev/Java/jre1.8.0_181/bin/server;F:/software/dev/Java/jre1.8.0_181/bin;F:/software/dev/Java/jre1.8.0_181/lib/amd64;F:\software\dev\Anaconda3;F:\software\dev\Anaconda3\Library\mingw-w64\bin;F:\software\dev\Anaconda3\Library\usr\bin;F:\software\dev\Anaconda3\Library\bin;F:\software\dev\Anaconda3\Scripts;F:\app\hedong\virtual\product\12.2.0\dbhome_1\bin;C:\Program Files (x86)\Common Files\Oracle\Java\javapath;C:\WINDOWS\system32;C:\WINDOWS;C:\WINDOWS\System32\Wbem;C:\WINDOWS\System32\WindowsPowerShell\v1.0\;F:\software\dev\Java\jdk1.8.0_181\bin;F:\software\dev\Java\jdk1.8.0_181\jre\bin;F:\software\dev\apache-maven-3.6.0-bin\apache-maven-3.6.0\bin;;C:\WINDOWS\system32;C:\WINDOWS;C:\WINDOWS\System32\Wbem;C:\WINDOWS\System32\WindowsPowerShell\v1.0\;C:\WINDOWS\System32\OpenSSH\;F:\software\dev\SSH Communications Security\SSH Secure Shell;F:\app\hedong\virtual\product\12.2.0\dbhome_1\bin;C:\Program Files (x86)\Common Files\Oracle\Java\javapath;C:\WINDOWS\system32;C:\WINDOWS;C:\WINDOWS\System32\Wbem;C:\WINDOWS\System32\WindowsPowerShell\v1.0\;F:\software\dev\Java\jdk1.8.0_181\bin;F:\software\dev\Java\jdk1.8.0_181\jre\bin;F:\software\dev\apache-maven-3.6.0-bin\apache-maven-3.6.0\bin;;C:\Users\何东\AppData\Local\Microsoft\WindowsApps;;F:\software\dev\JetBrains\PyCharm 2018.3.1\bin;;F:\software\dev\eclipse-jee-2018-09-win32-x86_64\eclipse;;.]
2019-01-12 22:34:34.749 INFO [restartedMain]o.a.catalina.core.ContainerBase.[Tomcat].[localhost].[/].log:173 - Initializing Spring embedded WebApplicationContext
2019-01-12 22:34:34.750 INFO [restartedMain]org.springframework.web.context.ContextLoader.prepareWebApplicationContext:285 - Root WebApplicationContext: initialization completed in 3422 ms
2019-01-12 22:34:34.902 INFO [restartedMain]o.s.boot.web.servlet.ServletRegistrationBean.addRegistration:186 - Servlet dispatcherServlet mapped to [/]
2019-01-12 22:34:34.947 INFO [restartedMain]o.s.boot.web.servlet.FilterRegistrationBean.configure:248 - Mapping filter: 'characterEncodingFilter' to: [/*]
2019-01-12 22:34:34.949 INFO [restartedMain]o.s.boot.web.servlet.FilterRegistrationBean.configure:248 - Mapping filter: 'hiddenHttpMethodFilter' to: [/*]
2019-01-12 22:34:34.949 INFO [restartedMain]o.s.boot.web.servlet.FilterRegistrationBean.configure:248 - Mapping filter: 'formContentFilter' to: [/*]
2019-01-12 22:34:34.950 INFO [restartedMain]o.s.boot.web.servlet.FilterRegistrationBean.configure:248 - Mapping filter: 'requestContextFilter' to: [/*]
2019-01-12 22:34:36.162 INFO [restartedMain]o.s.scheduling.concurrent.ThreadPoolTaskExecutor.initialize:171 - Initializing ExecutorService 'applicationTaskExecutor'
2019-01-12 22:34:37.067 INFO [restartedMain]o.s.boot.devtools.autoconfigure.OptionalLiveReloadServer.startServer:57 - LiveReload server is running on port 35729
2019-01-12 22:34:37.133 INFO [restartedMain]org.apache.coyote.http11.Http11NioProtocol.log:173 - Starting ProtocolHandler ["http-nio-8080"]
2019-01-12 22:34:37.161 INFO [restartedMain]org.apache.tomcat.util.net.NioSelectorPool.log:173 - Using a shared selector for servlet write/read
2019-01-12 22:34:37.227 INFO [restartedMain]o.s.boot.web.embedded.tomcat.TomcatWebServer.start:204 - Tomcat started on port(s): 8080 (http) with context path ''
2019-01-12 22:34:37.235 INFO [restartedMain]com.example.demo.SpringBootExampleApplication.logStarted:59 - Started SpringBootExampleApplication in 7.058 seconds (JVM running for 8.083)
2019-01-12 22:34:42.585 INFO [http-nio-8080-exec-1]o.a.catalina.core.ContainerBase.[Tomcat].[localhost].[/].log:173 - Initializing Spring DispatcherServlet 'dispatcherServlet'
2019-01-12 22:34:42.586 INFO [http-nio-8080-exec-1]org.springframework.web.servlet.DispatcherServlet.initServletBean:521 - Initializing Servlet 'dispatcherServlet'
2019-01-12 22:34:42.608 INFO [http-nio-8080-exec-1]org.springframework.web.servlet.DispatcherServlet.initServletBean:543 - Completed initialization in 19 ms
2019-01-12 22:40:42.555 INFO [restartedMain]com.example.demo.SpringBootExampleApplication.logStarting:50 - Starting SpringBootExampleApplication on DESKTOP-50H34IA with PID 8460 (F:\localRepo\spring-boot-example\spring-boot-example\target\classes started by 何东 in F:\localRepo\spring-boot-example\spring-boot-example)
2019-01-12 22:40:42.579 INFO [restartedMain]com.example.demo.SpringBootExampleApplication.logStartupProfileInfo:675 - No active profile set, falling back to default profiles: default
2019-01-12 22:40:42.843 INFO [restartedMain]o.s.b.devtools.env.DevToolsPropertyDefaultsPostProcessor.logTo:227 - Devtools property defaults active! Set 'spring.devtools.add-properties' to 'false' to disable
2019-01-12 22:40:42.844 INFO [restartedMain]o.s.b.devtools.env.DevToolsPropertyDefaultsPostProcessor.logTo:227 - For additional web related logging consider setting the 'logging.level.web' property to 'DEBUG'
2019-01-12 22:40:48.396 INFO [restartedMain]o.s.boot.web.embedded.tomcat.TomcatWebServer.initialize:90 - Tomcat initialized with port(s): 8080 (http)
2019-01-12 22:40:48.478 INFO [restartedMain]org.apache.coyote.http11.Http11NioProtocol.log:173 - Initializing ProtocolHandler ["http-nio-8080"]
2019-01-12 22:40:48.518 INFO [restartedMain]org.apache.catalina.core.StandardService.log:173 - Starting service [Tomcat]
2019-01-12 22:40:48.520 INFO [restartedMain]org.apache.catalina.core.StandardEngine.log:173 - Starting Servlet Engine: Apache Tomcat/9.0.12
2019-01-12 22:40:48.614 INFO [restartedMain]org.apache.catalina.core.AprLifecycleListener.log:173 - The APR based Apache Tomcat Native library which allows optimal performance in production environments was not found on the java.library.path: [F:\software\dev\Java\jdk1.8.0_181\bin;C:\WINDOWS\Sun\Java\bin;C:\WINDOWS\system32;C:\WINDOWS;F:/software/dev/Java/jre1.8.0_181/bin/server;F:/software/dev/Java/jre1.8.0_181/bin;F:/software/dev/Java/jre1.8.0_181/lib/amd64;F:\software\dev\Anaconda3;F:\software\dev\Anaconda3\Library\mingw-w64\bin;F:\software\dev\Anaconda3\Library\usr\bin;F:\software\dev\Anaconda3\Library\bin;F:\software\dev\Anaconda3\Scripts;F:\app\hedong\virtual\product\12.2.0\dbhome_1\bin;C:\Program Files (x86)\Common Files\Oracle\Java\javapath;C:\WINDOWS\system32;C:\WINDOWS;C:\WINDOWS\System32\Wbem;C:\WINDOWS\System32\WindowsPowerShell\v1.0\;F:\software\dev\Java\jdk1.8.0_181\bin;F:\software\dev\Java\jdk1.8.0_181\jre\bin;F:\software\dev\apache-maven-3.6.0-bin\apache-maven-3.6.0\bin;;C:\WINDOWS\system32;C:\WINDOWS;C:\WINDOWS\System32\Wbem;C:\WINDOWS\System32\WindowsPowerShell\v1.0\;C:\WINDOWS\System32\OpenSSH\;F:\software\dev\SSH Communications Security\SSH Secure Shell;F:\app\hedong\virtual\product\12.2.0\dbhome_1\bin;C:\Program Files (x86)\Common Files\Oracle\Java\javapath;C:\WINDOWS\system32;C:\WINDOWS;C:\WINDOWS\System32\Wbem;C:\WINDOWS\System32\WindowsPowerShell\v1.0\;F:\software\dev\Java\jdk1.8.0_181\bin;F:\software\dev\Java\jdk1.8.0_181\jre\bin;F:\software\dev\apache-maven-3.6.0-bin\apache-maven-3.6.0\bin;;C:\Users\何东\AppData\Local\Microsoft\WindowsApps;;F:\software\dev\JetBrains\PyCharm 2018.3.1\bin;;F:\software\dev\eclipse-jee-2018-09-win32-x86_64\eclipse;;.]
2019-01-12 22:40:49.143 INFO [restartedMain]o.a.catalina.core.ContainerBase.[Tomcat].[localhost].[/].log:173 - Initializing Spring embedded WebApplicationContext
2019-01-12 22:40:49.143 INFO [restartedMain]org.springframework.web.context.ContextLoader.prepareWebApplicationContext:285 - Root WebApplicationContext: initialization completed in 6298 ms
2019-01-12 22:40:49.233 INFO [restartedMain]o.s.boot.web.servlet.ServletRegistrationBean.addRegistration:186 - Servlet dispatcherServlet mapped to [/]
2019-01-12 22:40:49.244 INFO [restartedMain]o.s.boot.web.servlet.FilterRegistrationBean.configure:248 - Mapping filter: 'characterEncodingFilter' to: [/*]
2019-01-12 22:40:49.245 INFO [restartedMain]o.s.boot.web.servlet.FilterRegistrationBean.configure:248 - Mapping filter: 'hiddenHttpMethodFilter' to: [/*]
2019-01-12 22:40:49.246 INFO [restartedMain]o.s.boot.web.servlet.FilterRegistrationBean.configure:248 - Mapping filter: 'formContentFilter' to: [/*]
2019-01-12 22:40:49.248 INFO [restartedMain]o.s.boot.web.servlet.FilterRegistrationBean.configure:248 - Mapping filter: 'requestContextFilter' to: [/*]
2019-01-12 22:40:51.388 INFO [restartedMain]o.s.scheduling.concurrent.ThreadPoolTaskExecutor.initialize:171 - Initializing ExecutorService 'applicationTaskExecutor'
2019-01-12 22:40:53.013 INFO [restartedMain]o.s.boot.devtools.autoconfigure.OptionalLiveReloadServer.startServer:57 - LiveReload server is running on port 35729
2019-01-12 22:40:53.276 INFO [restartedMain]org.apache.coyote.http11.Http11NioProtocol.log:173 - Starting ProtocolHandler ["http-nio-8080"]
2019-01-12 22:40:53.299 INFO [restartedMain]org.apache.tomcat.util.net.NioSelectorPool.log:173 - Using a shared selector for servlet write/read
2019-01-12 22:40:53.429 INFO [restartedMain]o.s.boot.web.embedded.tomcat.TomcatWebServer.start:204 - Tomcat started on port(s): 8080 (http) with context path ''
2019-01-12 22:40:53.457 INFO [restartedMain]com.example.demo.SpringBootExampleApplication.logStarted:59 - Started SpringBootExampleApplication in 12.925 seconds (JVM running for 16.547)
2019-01-12 22:41:28.736 INFO [http-nio-8080-exec-2]o.a.catalina.core.ContainerBase.[Tomcat].[localhost].[/].log:173 - Initializing Spring DispatcherServlet 'dispatcherServlet'
2019-01-12 22:41:28.737 INFO [http-nio-8080-exec-2]org.springframework.web.servlet.DispatcherServlet.initServletBean:521 - Initializing Servlet 'dispatcherServlet'
2019-01-12 22:41:28.758 INFO [http-nio-8080-exec-2]org.springframework.web.servlet.DispatcherServlet.initServletBean:543 - Completed initialization in 21 ms
2019-01-12 22:45:08.079 INFO [restartedMain]com.example.demo.SpringBootExampleApplication.logStarting:50 - Starting SpringBootExampleApplication on DESKTOP-50H34IA with PID 648 (F:\localRepo\spring-boot-example\spring-boot-example\target\classes started by 何东 in F:\localRepo\spring-boot-example\spring-boot-example)
2019-01-12 22:45:08.103 INFO [restartedMain]com.example.demo.SpringBootExampleApplication.logStartupProfileInfo:675 - No active profile set, falling back to default profiles: default
2019-01-12 22:45:08.351 INFO [restartedMain]o.s.b.devtools.env.DevToolsPropertyDefaultsPostProcessor.logTo:227 - Devtools property defaults active! Set 'spring.devtools.add-properties' to 'false' to disable
2019-01-12 22:45:08.356 INFO [restartedMain]o.s.b.devtools.env.DevToolsPropertyDefaultsPostProcessor.logTo:227 - For additional web related logging consider setting the 'logging.level.web' property to 'DEBUG'
2019-01-12 22:45:13.916 INFO [restartedMain]o.s.boot.web.embedded.tomcat.TomcatWebServer.initialize:90 - Tomcat initialized with port(s): 8080 (http)
2019-01-12 22:45:13.956 INFO [restartedMain]org.apache.coyote.http11.Http11NioProtocol.log:173 - Initializing ProtocolHandler ["http-nio-8080"]
2019-01-12 22:45:13.977 INFO [restartedMain]org.apache.catalina.core.StandardService.log:173 - Starting service [Tomcat]
2019-01-12 22:45:13.978 INFO [restartedMain]org.apache.catalina.core.StandardEngine.log:173 - Starting Servlet Engine: Apache Tomcat/9.0.12
2019-01-12 22:45:14.004 INFO [restartedMain]org.apache.catalina.core.AprLifecycleListener.log:173 - The APR based Apache Tomcat Native library which allows optimal performance in production environments was not found on the java.library.path: [F:\software\dev\Java\jdk1.8.0_181\bin;C:\WINDOWS\Sun\Java\bin;C:\WINDOWS\system32;C:\WINDOWS;F:/software/dev/Java/jre1.8.0_181/bin/server;F:/software/dev/Java/jre1.8.0_181/bin;F:/software/dev/Java/jre1.8.0_181/lib/amd64;F:\software\dev\Anaconda3;F:\software\dev\Anaconda3\Library\mingw-w64\bin;F:\software\dev\Anaconda3\Library\usr\bin;F:\software\dev\Anaconda3\Library\bin;F:\software\dev\Anaconda3\Scripts;F:\app\hedong\virtual\product\12.2.0\dbhome_1\bin;C:\Program Files (x86)\Common Files\Oracle\Java\javapath;C:\WINDOWS\system32;C:\WINDOWS;C:\WINDOWS\System32\Wbem;C:\WINDOWS\System32\WindowsPowerShell\v1.0\;F:\software\dev\Java\jdk1.8.0_181\bin;F:\software\dev\Java\jdk1.8.0_181\jre\bin;F:\software\dev\apache-maven-3.6.0-bin\apache-maven-3.6.0\bin;;C:\WINDOWS\system32;C:\WINDOWS;C:\WINDOWS\System32\Wbem;C:\WINDOWS\System32\WindowsPowerShell\v1.0\;C:\WINDOWS\System32\OpenSSH\;F:\software\dev\SSH Communications Security\SSH Secure Shell;F:\app\hedong\virtual\product\12.2.0\dbhome_1\bin;C:\Program Files (x86)\Common Files\Oracle\Java\javapath;C:\WINDOWS\system32;C:\WINDOWS;C:\WINDOWS\System32\Wbem;C:\WINDOWS\System32\WindowsPowerShell\v1.0\;F:\software\dev\Java\jdk1.8.0_181\bin;F:\software\dev\Java\jdk1.8.0_181\jre\bin;F:\software\dev\apache-maven-3.6.0-bin\apache-maven-3.6.0\bin;;C:\Users\何东\AppData\Local\Microsoft\WindowsApps;;F:\software\dev\JetBrains\PyCharm 2018.3.1\bin;;F:\software\dev\eclipse-jee-2018-09-win32-x86_64\eclipse;;.]
2019-01-12 22:45:14.346 INFO [restartedMain]o.a.catalina.core.ContainerBase.[Tomcat].[localhost].[/].log:173 - Initializing Spring embedded WebApplicationContext
2019-01-12 22:45:14.350 INFO [restartedMain]org.springframework.web.context.ContextLoader.prepareWebApplicationContext:285 - Root WebApplicationContext: initialization completed in 5993 ms
2019-01-12 22:45:14.449 INFO [restartedMain]o.s.boot.web.servlet.ServletRegistrationBean.addRegistration:186 - Servlet dispatcherServlet mapped to [/]
2019-01-12 22:45:14.460 INFO [restartedMain]o.s.boot.web.servlet.FilterRegistrationBean.configure:248 - Mapping filter: 'characterEncodingFilter' to: [/*]
2019-01-12 22:45:14.461 INFO [restartedMain]o.s.boot.web.servlet.FilterRegistrationBean.configure:248 - Mapping filter: 'hiddenHttpMethodFilter' to: [/*]
2019-01-12 22:45:14.462 INFO [restartedMain]o.s.boot.web.servlet.FilterRegistrationBean.configure:248 - Mapping filter: 'formContentFilter' to: [/*]
2019-01-12 22:45:14.467 INFO [restartedMain]o.s.boot.web.servlet.FilterRegistrationBean.configure:248 - Mapping filter: 'requestContextFilter' to: [/*]
2019-01-12 22:45:15.906 INFO [restartedMain]o.s.scheduling.concurrent.ThreadPoolTaskExecutor.initialize:171 - Initializing ExecutorService 'applicationTaskExecutor'
2019-01-12 22:45:16.905 INFO [restartedMain]o.s.boot.devtools.autoconfigure.OptionalLiveReloadServer.startServer:57 - LiveReload server is running on port 35729
2019-01-12 22:45:17.046 INFO [restartedMain]org.apache.coyote.http11.Http11NioProtocol.log:173 - Starting ProtocolHandler ["http-nio-8080"]
2019-01-12 22:45:17.082 INFO [restartedMain]org.apache.tomcat.util.net.NioSelectorPool.log:173 - Using a shared selector for servlet write/read
2019-01-12 22:45:17.216 INFO [restartedMain]o.s.boot.web.embedded.tomcat.TomcatWebServer.start:204 - Tomcat started on port(s): 8080 (http) with context path ''
2019-01-12 22:45:17.334 INFO [restartedMain]com.example.demo.SpringBootExampleApplication.logStarted:59 - Started SpringBootExampleApplication in 11.284 seconds (JVM running for 13.311)
2019-01-12 22:46:25.053 INFO [http-nio-8080-exec-1]o.a.catalina.core.ContainerBase.[Tomcat].[localhost].[/].log:173 - Initializing Spring DispatcherServlet 'dispatcherServlet'
2019-01-12 22:46:25.054 INFO [http-nio-8080-exec-1]org.springframework.web.servlet.DispatcherServlet.initServletBean:521 - Initializing Servlet 'dispatcherServlet'
2019-01-12 22:46:25.075 INFO [http-nio-8080-exec-1]org.springframework.web.servlet.DispatcherServlet.initServletBean:543 - Completed initialization in 21 ms
2019-01-12 22:54:28.972 INFO [Thread-6]o.s.scheduling.concurrent.ThreadPoolTaskExecutor.shutdown:208 - Shutting down ExecutorService 'applicationTaskExecutor'
2019-01-12 22:54:34.842 INFO [restartedMain]com.example.demo.SpringBootExampleApplication.logStarting:50 - Starting SpringBootExampleApplication on DESKTOP-50H34IA with PID 648 (F:\localRepo\spring-boot-example\spring-boot-example\target\classes started by 何东 in F:\localRepo\spring-boot-example\spring-boot-example)
2019-01-12 22:54:34.853 INFO [restartedMain]com.example.demo.SpringBootExampleApplication.logStartupProfileInfo:675 - No active profile set, falling back to default profiles: default
2019-01-12 22:54:38.518 INFO [restartedMain]o.s.boot.web.embedded.tomcat.TomcatWebServer.initialize:90 - Tomcat initialized with port(s): 8080 (http)
2019-01-12 22:54:38.522 INFO [restartedMain]org.apache.coyote.http11.Http11NioProtocol.log:173 - Initializing ProtocolHandler ["http-nio-8080"]
2019-01-12 22:54:38.523 INFO [restartedMain]org.apache.catalina.core.StandardService.log:173 - Starting service [Tomcat]
2019-01-12 22:54:38.524 INFO [restartedMain]org.apache.catalina.core.StandardEngine.log:173 - Starting Servlet Engine: Apache Tomcat/9.0.12
2019-01-12 22:54:38.554 INFO [restartedMain]o.a.catalina.core.ContainerBase.[Tomcat].[localhost].[/].log:173 - Initializing Spring embedded WebApplicationContext
2019-01-12 22:54:38.558 INFO [restartedMain]org.springframework.web.context.ContextLoader.prepareWebApplicationContext:285 - Root WebApplicationContext: initialization completed in 3693 ms
2019-01-12 22:54:38.694 INFO [restartedMain]o.s.boot.web.servlet.ServletRegistrationBean.addRegistration:186 - Servlet dispatcherServlet mapped to [/]
2019-01-12 22:54:38.696 INFO [restartedMain]o.s.boot.web.servlet.FilterRegistrationBean.configure:248 - Mapping filter: 'characterEncodingFilter' to: [/*]
2019-01-12 22:54:38.697 INFO [restartedMain]o.s.boot.web.servlet.FilterRegistrationBean.configure:248 - Mapping filter: 'hiddenHttpMethodFilter' to: [/*]
2019-01-12 22:54:38.698 INFO [restartedMain]o.s.boot.web.servlet.FilterRegistrationBean.configure:248 - Mapping filter: 'formContentFilter' to: [/*]
2019-01-12 22:54:38.699 INFO [restartedMain]o.s.boot.web.servlet.FilterRegistrationBean.configure:248 - Mapping filter: 'requestContextFilter' to: [/*]
2019-01-12 22:54:39.335 INFO [restartedMain]o.s.scheduling.concurrent.ThreadPoolTaskExecutor.initialize:171 - Initializing ExecutorService 'applicationTaskExecutor'
2019-01-12 22:54:39.690 INFO [restartedMain]o.s.boot.devtools.autoconfigure.OptionalLiveReloadServer.startServer:57 - LiveReload server is running on port 35729
2019-01-12 22:54:39.747 INFO [restartedMain]org.apache.coyote.http11.Http11NioProtocol.log:173 - Starting ProtocolHandler ["http-nio-8080"]
2019-01-12 22:54:39.750 INFO [restartedMain]org.apache.tomcat.util.net.NioSelectorPool.log:173 - Using a shared selector for servlet write/read
2019-01-12 22:54:39.757 INFO [restartedMain]o.s.boot.web.embedded.tomcat.TomcatWebServer.start:204 - Tomcat started on port(s): 8080 (http) with context path ''
2019-01-12 22:54:39.761 INFO [restartedMain]com.example.demo.SpringBootExampleApplication.logStarted:59 - Started SpringBootExampleApplication in 5.519 seconds (JVM running for 575.739)
2019-01-12 22:54:39.770 INFO [restartedMain]o.s.b.d.a.ConditionEvaluationDeltaLoggingListener.onApplicationEvent:56 - Condition evaluation unchanged
2019-01-12 23:25:35.818 INFO [restartedMain]com.example.demo.SpringBootExampleApplication.logStarting:50 - Starting SpringBootExampleApplication on DESKTOP-50H34IA with PID 2408 (F:\localRepo\spring-boot-example\spring-boot-example\target\classes started by 何东 in F:\localRepo\spring-boot-example\spring-boot-example)
2019-01-12 23:25:35.825 INFO [restartedMain]com.example.demo.SpringBootExampleApplication.logStartupProfileInfo:675 - No active profile set, falling back to default profiles: default
2019-01-12 23:25:35.943 INFO [restartedMain]o.s.b.devtools.env.DevToolsPropertyDefaultsPostProcessor.logTo:227 - Devtools property defaults active! Set 'spring.devtools.add-properties' to 'false' to disable
2019-01-12 23:25:35.943 INFO [restartedMain]o.s.b.devtools.env.DevToolsPropertyDefaultsPostProcessor.logTo:227 - For additional web related logging consider setting the 'logging.level.web' property to 'DEBUG'
2019-01-12 23:25:39.497 INFO [restartedMain]o.s.boot.web.embedded.tomcat.TomcatWebServer.initialize:90 - Tomcat initialized with port(s): 8080 (http)
2019-01-12 23:25:39.522 INFO [restartedMain]org.apache.coyote.http11.Http11NioProtocol.log:173 - Initializing ProtocolHandler ["http-nio-8080"]
2019-01-12 23:25:39.539 INFO [restartedMain]org.apache.catalina.core.StandardService.log:173 - Starting service [Tomcat]
2019-01-12 23:25:39.541 INFO [restartedMain]org.apache.catalina.core.StandardEngine.log:173 - Starting Servlet Engine: Apache Tomcat/9.0.12
2019-01-12 23:25:39.574 INFO [restartedMain]org.apache.catalina.core.AprLifecycleListener.log:173 - The APR based Apache Tomcat Native library which allows optimal performance in production environments was not found on the java.library.path: [F:\software\dev\Java\jdk1.8.0_181\bin;C:\WINDOWS\Sun\Java\bin;C:\WINDOWS\system32;C:\WINDOWS;F:/software/dev/Java/jre1.8.0_181/bin/server;F:/software/dev/Java/jre1.8.0_181/bin;F:/software/dev/Java/jre1.8.0_181/lib/amd64;F:\software\dev\Anaconda3;F:\software\dev\Anaconda3\Library\mingw-w64\bin;F:\software\dev\Anaconda3\Library\usr\bin;F:\software\dev\Anaconda3\Library\bin;F:\software\dev\Anaconda3\Scripts;F:\app\hedong\virtual\product\12.2.0\dbhome_1\bin;C:\Program Files (x86)\Common Files\Oracle\Java\javapath;C:\WINDOWS\system32;C:\WINDOWS;C:\WINDOWS\System32\Wbem;C:\WINDOWS\System32\WindowsPowerShell\v1.0\;F:\software\dev\Java\jdk1.8.0_181\bin;F:\software\dev\Java\jdk1.8.0_181\jre\bin;F:\software\dev\apache-maven-3.6.0-bin\apache-maven-3.6.0\bin;;C:\WINDOWS\system32;C:\WINDOWS;C:\WINDOWS\System32\Wbem;C:\WINDOWS\System32\WindowsPowerShell\v1.0\;C:\WINDOWS\System32\OpenSSH\;F:\software\dev\SSH Communications Security\SSH Secure Shell;F:\app\hedong\virtual\product\12.2.0\dbhome_1\bin;C:\Program Files (x86)\Common Files\Oracle\Java\javapath;C:\WINDOWS\system32;C:\WINDOWS;C:\WINDOWS\System32\Wbem;C:\WINDOWS\System32\WindowsPowerShell\v1.0\;F:\software\dev\Java\jdk1.8.0_181\bin;F:\software\dev\Java\jdk1.8.0_181\jre\bin;F:\software\dev\apache-maven-3.6.0-bin\apache-maven-3.6.0\bin;;C:\Users\何东\AppData\Local\Microsoft\WindowsApps;;F:\software\dev\JetBrains\PyCharm 2018.3.1\bin;;F:\software\dev\eclipse-jee-2018-09-win32-x86_64\eclipse;;.]
2019-01-12 23:25:39.766 INFO [restartedMain]o.a.catalina.core.ContainerBase.[Tomcat].[localhost].[/].log:173 - Initializing Spring embedded WebApplicationContext
2019-01-12 23:25:39.767 INFO [restartedMain]org.springframework.web.context.ContextLoader.prepareWebApplicationContext:285 - Root WebApplicationContext: initialization completed in 3823 ms
2019-01-12 23:25:39.837 INFO [restartedMain]o.s.boot.web.servlet.ServletRegistrationBean.addRegistration:186 - Servlet dispatcherServlet mapped to [/]
2019-01-12 23:25:39.848 INFO [restartedMain]o.s.boot.web.servlet.FilterRegistrationBean.configure:248 - Mapping filter: 'characterEncodingFilter' to: [/*]
2019-01-12 23:25:39.851 INFO [restartedMain]o.s.boot.web.servlet.FilterRegistrationBean.configure:248 - Mapping filter: 'hiddenHttpMethodFilter' to: [/*]
2019-01-12 23:25:39.852 INFO [restartedMain]o.s.boot.web.servlet.FilterRegistrationBean.configure:248 - Mapping filter: 'formContentFilter' to: [/*]
2019-01-12 23:25:39.855 INFO [restartedMain]o.s.boot.web.servlet.FilterRegistrationBean.configure:248 - Mapping filter: 'requestContextFilter' to: [/*]
2019-01-12 23:25:40.896 INFO [restartedMain]o.s.scheduling.concurrent.ThreadPoolTaskExecutor.initialize:171 - Initializing ExecutorService 'applicationTaskExecutor'
2019-01-12 23:25:41.186 WARN [restartedMain]org.thymeleaf.templatemode.TemplateMode.parse:150 - [THYMELEAF][restartedMain] Template Mode 'HTML5' is deprecated. Using Template Mode 'HTML' instead.
2019-01-12 23:25:41.255 INFO [restartedMain]o.s.b.a.web.servlet.WelcomePageHandlerMapping.<init>:61 - Adding welcome page template: index
2019-01-12 23:25:41.572 INFO [restartedMain]o.s.boot.devtools.autoconfigure.OptionalLiveReloadServer.startServer:57 - LiveReload server is running on port 35729
2019-01-12 23:25:41.643 INFO [restartedMain]org.apache.coyote.http11.Http11NioProtocol.log:173 - Starting ProtocolHandler ["http-nio-8080"]
2019-01-12 23:25:41.667 INFO [restartedMain]org.apache.tomcat.util.net.NioSelectorPool.log:173 - Using a shared selector for servlet write/read
2019-01-12 23:25:41.712 INFO [restartedMain]o.s.boot.web.embedded.tomcat.TomcatWebServer.start:204 - Tomcat started on port(s): 8080 (http) with context path ''
2019-01-12 23:25:41.721 INFO [restartedMain]com.example.demo.SpringBootExampleApplication.logStarted:59 - Started SpringBootExampleApplication in 6.758 seconds (JVM running for 7.752)
2019-01-12 23:25:57.329 INFO [http-nio-8080-exec-1]o.a.catalina.core.ContainerBase.[Tomcat].[localhost].[/].log:173 - Initializing Spring DispatcherServlet 'dispatcherServlet'
2019-01-12 23:25:57.329 INFO [http-nio-8080-exec-1]org.springframework.web.servlet.DispatcherServlet.initServletBean:521 - Initializing Servlet 'dispatcherServlet'
2019-01-12 23:25:57.349 INFO [http-nio-8080-exec-1]org.springframework.web.servlet.DispatcherServlet.initServletBean:543 - Completed initialization in 20 ms
